<?xml version="1.0" encoding="UTF-8"?>
<!-- Generated by org.testng.reporters.JUnitXMLReporter -->
<testsuite hostname="DESKTOP-45K6V1V" ignored="0" name="TestCucumber" tests="2" failures="2" timestamp="2020-08-25T09:03:25 EDT" time="0.65" errors="0">
  <testcase name="runScenario" time="0.212" classname="io.cucumber.testng.AbstractTestNGCucumberTests">
    <failure type="io.cucumber.testng.UndefinedStepException" message="The step &amp;quot;User is on chefhero landing page and naviagtes to Careers Page&amp;quot; is undefined. You can implement it using the snippet(s) below:

@Given(&amp;quot;User is on chefhero landing page and naviagtes to Careers Page&amp;quot;)
public void user_is_on_chefhero_landing_page_and_naviagtes_to_careers_page() {
    // Write code here that turns the phrase above into concrete actions
    throw new io.cucumber.java.PendingException();
}
">
      <![CDATA[io.cucumber.testng.UndefinedStepException: The step "User is on chefhero landing page and naviagtes to Careers Page" is undefined. You can implement it using the snippet(s) below:

@Given("User is on chefhero landing page and naviagtes to Careers Page")
public void user_is_on_chefhero_landing_page_and_naviagtes_to_careers_page() {
    // Write code here that turns the phrase above into concrete actions
    throw new io.cucumber.java.PendingException();
}

at io.cucumber.core.runtime.TestCaseResultObserver.assertTestCasePassed(TestCaseResultObserver.java:102)
at io.cucumber.testng.TestCaseResultObserver.assertTestCasePassed(TestCaseResultObserver.java:23)
at io.cucumber.testng.TestNGCucumberRunner.lambda$runScenario$0(TestNGCucumberRunner.java:117)
at io.cucumber.core.runtime.CucumberExecutionContext.runTestCase(CucumberExecutionContext.java:117)
at io.cucumber.testng.TestNGCucumberRunner.runScenario(TestNGCucumberRunner.java:113)
at io.cucumber.testng.AbstractTestNGCucumberTests.runScenario(AbstractTestNGCucumberTests.java:31)
at java.util.ArrayList.forEach(Unknown Source)
... Removed 27 stack frames]]>
    </failure>
  </testcase> <!-- runScenario -->
  <testcase name="runScenario" time="0.247" classname="io.cucumber.testng.AbstractTestNGCucumberTests">
    <failure type="java.lang.NullPointerException">
      <![CDATA[java.lang.NullPointerException
at resources.base.getScreenshot(base.java:98)
at UI.chefhero.Listeners.onTestFailure(Listeners.java:50)
at java.util.ArrayList.forEach(Unknown Source)
... Removed 24 stack frames]]>
    </failure>
  </testcase> <!-- runScenario -->
</testsuite> <!-- TestCucumber -->
