<?xml version="1.0" encoding="UTF-8"?>
<testsuite xmlns:xsi="http://www.w3.org/2001/XMLSchema-instance" xsi:noNamespaceSchemaLocation="https://maven.apache.org/surefire/maven-surefire-plugin/xsd/surefire-test-report-3.0.xsd" version="3.0" name="TestSuite" time="135.504" tests="7" errors="0" skipped="0" failures="1">
  <properties>
[...]
</properties>
  <testcase name="validateDropdownCount" classname="UI.chefhero.validateHomepage" time="0.561">
    <system-err><![CDATA[Starting ChromeDriver 83.0.4103.39 (ccbf011cb2d2b19b506d844400483861342c20cd-refs/branch-heads/4103@{#416}) on port 44707
Only local connections are allowed.
Please see https://chromedriver.chromium.org/security-considerations for suggestions on keeping ChromeDriver safe.
ChromeDriver was started successfully.
[1598383675.320][WARNING]: This version of ChromeDriver has not been tested with Chrome version 84.
Aug. 25, 2020 3:27:57 P.M. org.openqa.selenium.remote.ProtocolHandshake createSession
INFO: Detected dialect: W3C
]]></system-err>
  </testcase>
  <testcase name="validateNavBarItems" classname="UI.chefhero.validateHomepage" time="1.728">
    <system-err><![CDATA[Starting ChromeDriver 83.0.4103.39 (ccbf011cb2d2b19b506d844400483861342c20cd-refs/branch-heads/4103@{#416}) on port 33481
Only local connections are allowed.
Please see https://chromedriver.chromium.org/security-considerations for suggestions on keeping ChromeDriver safe.
ChromeDriver was started successfully.
[1598383694.975][WARNING]: This version of ChromeDriver has not been tested with Chrome version 84.
Aug. 25, 2020 3:28:17 P.M. org.openqa.selenium.remote.ProtocolHandshake createSession
INFO: Detected dialect: W3C
]]></system-err>
  </testcase>
  <testcase name="validatelogin[rakeshroby@yahoo.com, tokyorty123@](1)" classname="UI.chefhero.validateLoginPage" time="19.467">
    <system-out><![CDATA[true
Rakesh ROby
]]></system-out>
    <system-err><![CDATA[Starting ChromeDriver 83.0.4103.39 (ccbf011cb2d2b19b506d844400483861342c20cd-refs/branch-heads/4103@{#416}) on port 30924
Only local connections are allowed.
Please see https://chromedriver.chromium.org/security-considerations for suggestions on keeping ChromeDriver safe.
ChromeDriver was started successfully.
[1598383709.444][WARNING]: This version of ChromeDriver has not been tested with Chrome version 84.
Aug. 25, 2020 3:28:31 P.M. org.openqa.selenium.remote.ProtocolHandshake createSession
INFO: Detected dialect: W3C
]]></system-err>
  </testcase>
  <testcase name="validatelogin[robyrakesh1@gmail.com, tokyorty123@](2)" classname="UI.chefhero.validateLoginPage" time="18.869">
    <system-out><![CDATA[true
Ramesh Shetty
]]></system-out>
    <system-err><![CDATA[Starting ChromeDriver 83.0.4103.39 (ccbf011cb2d2b19b506d844400483861342c20cd-refs/branch-heads/4103@{#416}) on port 17421
Only local connections are allowed.
Please see https://chromedriver.chromium.org/security-considerations for suggestions on keeping ChromeDriver safe.
ChromeDriver was started successfully.
[1598383733.146][WARNING]: This version of ChromeDriver has not been tested with Chrome version 84.
Aug. 25, 2020 3:28:55 P.M. org.openqa.selenium.remote.ProtocolHandshake createSession
INFO: Detected dialect: W3C
]]></system-err>
  </testcase>
  <testcase name="validateAndroidReview" classname="UI.chefhero.validateUserReviews" time="4.615">
    <failure message="expected [4] but found [4.7]" type="java.lang.AssertionError"><![CDATA[java.lang.AssertionError: expected [4] but found [4.7]
	at UI.chefhero.validateUserReviews.validateAndroidReview(validateUserReviews.java:68)
]]></failure>
    <system-err><![CDATA[Starting ChromeDriver 83.0.4103.39 (ccbf011cb2d2b19b506d844400483861342c20cd-refs/branch-heads/4103@{#416}) on port 35628
Only local connections are allowed.
Please see https://chromedriver.chromium.org/security-considerations for suggestions on keeping ChromeDriver safe.
ChromeDriver was started successfully.
[1598383756.054][WARNING]: This version of ChromeDriver has not been tested with Chrome version 84.
Aug. 25, 2020 3:29:18 P.M. org.openqa.selenium.remote.ProtocolHandshake createSession
INFO: Detected dialect: W3C
]]></system-err>
  </testcase>
  <testcase name="validateIOSReview" classname="UI.chefhero.validateUserReviews" time="4.176">
    <system-err><![CDATA[Starting ChromeDriver 83.0.4103.39 (ccbf011cb2d2b19b506d844400483861342c20cd-refs/branch-heads/4103@{#416}) on port 31434
Only local connections are allowed.
Please see https://chromedriver.chromium.org/security-considerations for suggestions on keeping ChromeDriver safe.
ChromeDriver was started successfully.
[1598383771.907][WARNING]: This version of ChromeDriver has not been tested with Chrome version 84.
Aug. 25, 2020 3:29:33 P.M. org.openqa.selenium.remote.ProtocolHandshake createSession
INFO: Detected dialect: W3C
]]></system-err>
  </testcase>
  <testcase name="runScenario[&quot;QA Engineer Job posting&apos;s Job Duration&quot;, &quot;Optional[Carrers Page Job Duration Check]&quot;](1)" classname="cucumberOptions.TestRunner" time="16.275">
    <system-err><![CDATA[Aug. 25, 2020 3:29:46 P.M. io.cucumber.testng.TestNGCucumberOptionsProvider warnWhenJUnitCucumberOptionsAreUsed
WARNING: Ignoring options provided by io.cucumber.junit.CucumberOptions on cucumberOptions.TestRunner. It is recommend to use separate runner classes for JUnit and TestNG.
Starting ChromeDriver 83.0.4103.39 (ccbf011cb2d2b19b506d844400483861342c20cd-refs/branch-heads/4103@{#416}) on port 3420
Only local connections are allowed.
Please see https://chromedriver.chromium.org/security-considerations for suggestions on keeping ChromeDriver safe.
ChromeDriver was started successfully.
[1598383788.919][WARNING]: This version of ChromeDriver has not been tested with Chrome version 84.
Aug. 25, 2020 3:29:50 P.M. org.openqa.selenium.remote.ProtocolHandshake createSession
INFO: Detected dialect: W3C
]]></system-err>
  </testcase>
</testsuite>